Starting Single Run, Sweeps and Corners...

Current time: Thu May 16 17:27:49 2019 
Best design point: 1
Design specs: 
	bag240:tb_opamp_folded_cascode:1	corner	Nominal - 
	gain_dB		50.99
	bandwidth		3.31M
	unity_gain_freq		1.821G
	phase_margin		74.84
	i_in		-148.7u
	i_b		4.935u
	itot		-153.6u
	voutmid		906.4m
	vout		392.1m
Design parameters: 
	amp		200m
	vdd		1.2
	Rsense		5K
	cm_cap		300f
	L_in		400n
	L_N		300n
	L_P		300n
	W_in		480n
	W_N		360n
	W_P		360n
	vincm		375m
	N_in		58
	N_P		6
	N_PCAS		6
	N_NCAS		6
	N_N		36
	N_OS		60
	N_OSL		20
	VBPCAS		550m
	VBNCAS		740m
	VBN		560m

Interactive.0
Number of points completed: 1
Number of simulation errors: 0
Interactive.0 completed. 
Current time: Thu May 16 17:28:00 2019 
